TN:
SF:dist/less-watch-compiler.js
FN:3,__importDefault
FN:51,loadConfigAndInit
FN:66,init
FNF:3
FNH:3
FNDA:32,__importDefault
FNDA:8,loadConfigAndInit
FNDA:8,init
DA:1,8
DA:2,8
DA:3,8
DA:4,32
DA:5,8
DA:6,8
DA:7,8
DA:8,8
DA:9,8
DA:10,8
DA:11,8
DA:12,8
DA:13,8
DA:14,8
DA:15,8
DA:16,8
DA:17,8
DA:18,8
DA:19,8
DA:20,8
DA:21,8
DA:22,8
DA:23,8
DA:24,8
DA:25,8
DA:26,8
DA:27,8
DA:28,8
DA:29,8
DA:30,8
DA:31,8
DA:32,8
DA:33,8
DA:34,8
DA:35,8
DA:36,8
DA:37,8
DA:38,8
DA:39,8
DA:40,8
DA:41,8
DA:42,8
DA:43,8
DA:44,8
DA:45,8
DA:46,8
DA:47,8
DA:48,8
DA:49,8
DA:50,8
DA:51,8
DA:52,8
DA:53,8
DA:54,1
DA:55,1
DA:56,1
DA:57,1
DA:58,1
DA:59,8
DA:60,7
DA:61,7
DA:62,8
DA:63,8
DA:64,8
DA:65,8
DA:66,8
DA:67,8
DA:68,8
DA:69,8
DA:70,8
DA:71,8
DA:72,8
DA:73,8
DA:74,8
DA:75,8
DA:76,8
DA:77,8
DA:78,8
DA:79,8
DA:80,8
DA:81,8
DA:82,8
DA:83,8
DA:84,8
DA:85,8
DA:86,8
DA:87,8
DA:88,8
DA:89,8
DA:90,21
DA:91,21
DA:92,21
DA:93,21
DA:94,8
DA:95,8
DA:96,0
DA:97,0
DA:98,0
DA:99,0
DA:100,0
DA:101,0
DA:102,8
DA:103,8
DA:104,8
DA:105,2
DA:106,2
DA:107,0
DA:108,0
DA:109,2
DA:110,2
DA:111,8
DA:112,8
DA:113,0
DA:114,0
DA:115,8
DA:116,8
DA:117,8
DA:118,8
DA:119,8
DA:120,8
DA:121,8
DA:122,8
DA:123,8
DA:124,8
DA:125,0
DA:126,0
DA:127,0
DA:128,0
DA:129,0
DA:130,0
DA:131,0
DA:132,0
DA:133,0
DA:134,0
DA:135,0
DA:136,0
DA:137,0
DA:138,0
DA:139,0
DA:140,0
DA:141,0
DA:142,0
DA:143,0
DA:144,0
DA:145,0
DA:146,0
DA:147,0
DA:148,0
DA:149,0
DA:150,0
DA:151,0
DA:152,0
DA:153,0
DA:154,0
DA:155,0
DA:156,8
DA:157,8
DA:158,8
DA:159,19
DA:160,17
DA:161,17
DA:162,17
DA:163,8
DA:164,8
LF:164
LH:123
BRDA:1,0,0,8
BRDA:48,1,0,1
BRDA:49,2,0,7
BRDA:50,3,0,0
BRDA:3,4,0,32
BRDA:4,5,0,0
BRDA:51,6,0,8
BRDA:54,7,0,1
BRDA:59,8,0,7
BRDA:66,9,0,8
BRDA:69,10,0,7
BRDA:71,11,0,7
BRDA:73,12,0,1
BRDA:75,13,0,1
BRDA:77,14,0,1
BRDA:79,15,0,0
BRDA:83,16,0,1
BRDA:85,17,0,1
BRDA:87,18,0,1
BRDA:95,19,0,0
BRDA:104,20,0,2
BRDA:113,21,0,0
BRDA:89,22,0,21
BRDA:120,23,0,8
BRDA:125,24,0,0
BRDA:158,25,0,19
BRDA:159,26,0,4
BRDA:159,27,0,17
BRF:28
BRH:22
end_of_record
TN:
SF:dist/lib/filesearch.js
FN:2,__importDefault
FN:8,findLessImportsInFile
FN:43,isHiddenFile
FNF:3
FNH:3
FNDA:18,__importDefault
FNDA:52,findLessImportsInFile
FNDA:52,isHiddenFile
DA:1,9
DA:2,9
DA:3,18
DA:4,9
DA:5,9
DA:6,9
DA:7,9
DA:8,9
DA:9,52
DA:10,52
DA:11,52
DA:12,52
DA:13,52
DA:14,1
DA:15,1
DA:16,1
DA:17,0
DA:18,0
DA:19,52
DA:20,52
DA:21,36
DA:22,36
DA:23,36
DA:24,36
DA:25,36
DA:26,52
DA:27,0
DA:28,0
DA:29,0
DA:30,0
DA:31,0
DA:32,0
DA:33,36
DA:34,36
DA:35,36
DA:36,52
DA:37,34
DA:38,34
DA:39,34
DA:40,34
DA:41,36
DA:42,9
DA:43,9
DA:44,52
DA:45,52
DA:46,52
DA:47,9
DA:48,9
LF:48
LH:40
BRDA:1,0,0,9
BRDA:2,1,0,18
BRDA:3,2,0,0
BRDA:8,3,0,52
BRDA:13,4,0,1
BRDA:17,5,0,0
BRDA:19,6,0,51
BRDA:20,7,0,48
BRDA:20,8,0,15
BRDA:21,9,0,36
BRDA:26,10,0,0
BRDA:33,11,0,36
BRDA:36,12,0,34
BRDA:41,13,0,36
BRDA:43,14,0,52
BRDA:45,15,0,46
BRF:16
BRH:13
end_of_record
TN:
SF:dist/lib/lessWatchCompilerUtils.js
FN:2,__importDefault
FN:15,walk
FN:17,finalize
FN:21,processDir
FN:75,watchTree
FN:99,getLessArgs
FN:103,compileCSS
FN:126,resolveOutputPath
FN:150,filterFiles
FN:163,getDateTime
FN:178,setupWatcher
FN:239,fileWatcher
FNF:12
FNH:12
FNDA:18,__importDefault
FNDA:11,walk
FNDA:17,finalize
FNDA:17,processDir
FNDA:9,watchTree
FNDA:4,getLessArgs
FNDA:28,compileCSS
FNDA:30,resolveOutputPath
FNDA:29,filterFiles
FNDA:1,getDateTime
FNDA:73,setupWatcher
FNDA:75,fileWatcher
DA:1,9
DA:2,9
DA:3,18
DA:4,9
DA:5,9
DA:6,9
DA:7,9
DA:8,9
DA:9,9
DA:10,9
DA:11,9
DA:12,9
DA:13,9
DA:14,9
DA:15,9
DA:16,11
DA:17,11
DA:18,17
DA:19,17
DA:20,11
DA:21,11
DA:22,17
DA:23,17
DA:24,17
DA:25,17
DA:26,17
DA:27,17
DA:28,17
DA:29,17
DA:30,17
DA:31,17
DA:32,60
DA:33,60
DA:34,60
DA:35,60
DA:36,60
DA:37,0
DA:38,0
DA:39,0
DA:40,0
DA:41,0
DA:42,0
DA:43,0
DA:44,0
DA:45,60
DA:46,60
DA:47,60
DA:48,60
DA:49,60
DA:50,60
DA:51,60
DA:52,60
DA:53,56
DA:54,60
DA:55,6
DA:56,6
DA:57,50
DA:58,50
DA:59,50
DA:60,50
DA:61,56
DA:62,60
DA:63,60
DA:64,0
DA:65,0
DA:66,0
DA:67,60
DA:68,17
DA:69,17
DA:70,17
DA:71,17
DA:72,11
DA:73,11
DA:74,9
DA:75,9
DA:76,9
DA:77,9
DA:78,9
DA:79,0
DA:80,0
DA:81,0
DA:82,9
DA:83,9
DA:84,9
DA:85,9
DA:86,9
DA:87,10
DA:88,10
DA:89,10
DA:90,10
DA:91,10
DA:92,10
DA:93,10
DA:94,63
DA:95,63
DA:96,10
DA:97,9
DA:98,9
DA:99,9
DA:100,4
DA:101,4
DA:102,9
DA:103,9
DA:104,28
DA:105,28
DA:106,28
DA:107,28
DA:108,28
DA:109,28
DA:110,28
DA:111,28
DA:112,28
DA:113,28
DA:114,28
DA:115,28
DA:116,17
DA:117,0
DA:118,0
DA:119,0
DA:120,0
DA:121,17
DA:122,17
DA:123,17
DA:124,27
DA:125,9
DA:126,9
DA:127,30
DA:128,30
DA:129,30
DA:130,30
DA:131,30
DA:132,19
DA:133,19
DA:134,19
DA:135,11
DA:136,11
DA:137,11
DA:138,30
DA:139,30
DA:140,30
DA:141,30
DA:142,30
DA:143,30
DA:144,30
DA:145,30
DA:146,30
DA:147,30
DA:148,30
DA:149,9
DA:150,9
DA:151,29
DA:152,29
DA:153,29
DA:154,29
DA:155,3
DA:156,3
DA:157,26
DA:158,26
DA:159,26
DA:160,21
DA:161,21
DA:162,9
DA:163,9
DA:164,1
DA:165,1
DA:166,1
DA:167,1
DA:168,1
DA:169,1
DA:170,1
DA:171,1
DA:172,1
DA:173,1
DA:174,1
DA:175,1
DA:176,1
DA:177,9
DA:178,9
DA:179,73
DA:180,73
DA:181,38
DA:182,38
DA:183,38
DA:184,38
DA:185,39
DA:186,38
DA:187,0
DA:188,0
DA:189,0
DA:190,0
DA:191,0
DA:192,0
DA:193,0
DA:194,0
DA:195,0
DA:196,0
DA:197,0
DA:198,0
DA:199,0
DA:200,0
DA:201,0
DA:202,0
DA:203,0
DA:204,0
DA:205,0
DA:206,0
DA:207,0
DA:208,0
DA:209,0
DA:210,0
DA:211,0
DA:212,0
DA:213,0
DA:214,0
DA:215,0
DA:216,0
DA:217,0
DA:218,0
DA:219,0
DA:220,0
DA:221,0
DA:222,0
DA:223,0
DA:224,0
DA:225,0
DA:226,0
DA:227,0
DA:228,0
DA:229,0
DA:230,0
DA:231,0
DA:232,0
DA:233,0
DA:234,0
DA:235,0
DA:236,0
DA:237,38
DA:238,9
DA:239,9
DA:240,75
DA:241,75
DA:242,48
DA:243,48
DA:244,48
DA:245,75
DA:246,23
DA:247,23
DA:248,23
DA:249,23
DA:250,75
DA:251,9
DA:252,9
LF:252
LH:184
BRDA:1,0,0,9
BRDA:2,1,0,18
BRDA:3,2,0,0
BRDA:15,3,0,11
BRDA:17,4,0,17
BRDA:19,5,0,0
BRDA:21,6,0,17
BRDA:23,7,0,17
BRDA:25,8,0,0
BRDA:27,9,0,17
BRDA:30,10,0,0
BRDA:31,11,0,60
BRDA:34,12,0,60
BRDA:36,13,0,0
BRDA:49,14,0,21
BRDA:50,15,0,1
BRDA:50,16,0,0
BRDA:51,17,0,59
BRDA:51,18,0,22
BRDA:52,19,0,3
BRDA:52,20,0,0
BRDA:53,21,0,56
BRDA:54,22,0,6
BRDA:57,23,0,57
BRDA:57,24,0,50
BRDA:61,25,0,56
BRDA:62,26,0,13
BRDA:64,27,0,0
BRDA:75,28,0,9
BRDA:78,29,0,0
BRDA:86,30,0,10
BRDA:88,31,0,0
BRDA:90,32,0,0
BRDA:93,33,0,63
BRDA:99,34,0,4
BRDA:103,35,0,28
BRDA:106,36,0,4
BRDA:107,37,0,1
BRDA:108,38,0,27
BRDA:108,39,0,2
BRDA:108,40,0,25
BRDA:109,41,0,2
BRDA:109,42,0,25
BRDA:110,43,0,2
BRDA:110,44,0,25
BRDA:111,45,0,4
BRDA:111,46,0,23
BRDA:112,47,0,2
BRDA:112,48,0,25
BRDA:115,49,0,17
BRDA:124,50,0,27
BRDA:115,51,0,17
BRDA:116,52,0,0
BRDA:122,53,0,0
BRDA:126,54,0,30
BRDA:131,55,0,19
BRDA:135,56,0,11
BRDA:140,57,0,0
BRDA:142,58,0,4
BRDA:142,59,0,26
BRDA:146,60,0,0
BRDA:150,61,0,29
BRDA:153,62,0,27
BRDA:154,63,0,3
BRDA:157,64,0,26
BRDA:159,65,0,5
BRDA:160,66,0,21
BRDA:163,67,0,1
BRDA:166,68,0,0
BRDA:168,69,0,0
BRDA:170,70,0,0
BRDA:173,71,0,0
BRDA:175,72,0,0
BRDA:178,73,0,73
BRDA:180,74,0,35
BRDA:181,75,0,39
BRDA:181,76,0,38
BRDA:185,77,0,0
BRDA:186,78,0,38
BRDA:239,79,0,75
BRDA:241,80,0,27
BRDA:242,81,0,48
BRDA:245,82,0,23
BRDA:250,83,0,48
BRF:84
BRH:63
end_of_record
